2022-07-25 17:28:35,218 [Worker-22: Updating Maven Project] INFO  o.e.m.w.i.f.ResourceFilteringBuildParticipant - Cleaning filtered folder for project_one
2022-07-25 17:28:35,527 [Worker-23: Building] INFO  o.e.m.w.i.f.ResourceFilteringBuildParticipant - Changed resources require a complete clean of filtered resources of project_one
2022-07-25 17:28:35,528 [Worker-23: Building] INFO  o.e.m.w.i.f.ResourceFilteringBuildParticipant - Executing resource filtering for project_one
2022-07-25 17:38:46,597 [Worker-4: Building] INFO  o.e.m.w.i.f.ResourceFilteringBuildParticipant - Changed resources require a complete clean of filtered resources of project_one
2022-07-25 17:38:46,597 [Worker-4: Building] INFO  o.e.m.w.i.f.ResourceFilteringBuildParticipant - Executing resource filtering for project_one
2022-07-25 17:38:53,868 [Worker-30: Updating Maven Project] INFO  o.e.m.w.i.f.ResourceFilteringBuildParticipant - Cleaning filtered folder for project_one
2022-07-25 17:38:54,476 [Worker-24: Building Project project_one] INFO  o.e.m.w.i.f.ResourceFilteringBuildParticipant - Changed resources require a complete clean of filtered resources of project_one
2022-07-25 17:38:54,476 [Worker-24: Building Project project_one] INFO  o.e.m.w.i.f.ResourceFilteringBuildParticipant - Executing resource filtering for project_one
2022-07-25 17:42:38,849 [Worker-4: Building] INFO  o.e.m.w.i.f.ResourceFilteringBuildParticipant - Changed resources require a complete clean of filtered resources of project_one
2022-07-25 17:42:38,849 [Worker-4: Building] INFO  o.e.m.w.i.f.ResourceFilteringBuildParticipant - Executing resource filtering for project_one
2022-07-26 13:21:53,746 [Worker-83: Building] INFO  o.e.m.w.i.f.ResourceFilteringBuildParticipant - Changed resources require a complete clean of filtered resources of project_one
2022-07-26 13:21:53,747 [Worker-83: Building] INFO  o.e.m.w.i.f.ResourceFilteringBuildParticipant - Executing resource filtering for project_one
2022-07-26 13:21:56,468 [Worker-81: Building] INFO  o.e.m.w.i.f.ResourceFilteringBuildParticipant - Changed resources require a complete clean of filtered resources of project_one
2022-07-26 13:21:56,468 [Worker-81: Building] INFO  o.e.m.w.i.f.ResourceFilteringBuildParticipant - Executing resource filtering for project_one
2022-07-26 13:22:05,808 [Worker-85: Updating Maven Project] INFO  o.e.m.w.i.f.ResourceFilteringBuildParticipant - Cleaning filtered folder for project_one
2022-07-26 13:22:06,085 [Worker-83: Building] INFO  o.e.m.w.i.f.ResourceFilteringBuildParticipant - Changed resources require a complete clean of filtered resources of project_one
2022-07-26 13:22:06,086 [Worker-83: Building] INFO  o.e.m.w.i.f.ResourceFilteringBuildParticipant - Executing resource filtering for project_one
2022-07-26 15:07:00,457 [Worker-128: Updating Maven Project] INFO  o.e.m.w.i.f.ResourceFilteringBuildParticipant - Cleaning filtered folder for project_one
2022-07-26 15:07:00,721 [Worker-128: Building] INFO  o.e.m.w.i.f.ResourceFilteringBuildParticipant - Changed resources require a complete clean of filtered resources of project_one
2022-07-26 15:07:00,721 [Worker-128: Building] INFO  o.e.m.w.i.f.ResourceFilteringBuildParticipant - Executing resource filtering for project_one
2022-07-26 16:02:42,399 [Worker-151: Building] INFO  o.e.m.w.i.f.ResourceFilteringBuildParticipant - Changed resources require a complete clean of filtered resources of project_one
2022-07-26 16:02:42,399 [Worker-151: Building] INFO  o.e.m.w.i.f.ResourceFilteringBuildParticipant - Executing resource filtering for project_one
2022-07-26 17:31:34,815 [Worker-168: Building] INFO  o.e.m.w.i.f.ResourceFilteringBuildParticipant - Changed resources require a complete clean of filtered resources of project_one
2022-07-26 17:31:34,815 [Worker-168: Building] INFO  o.e.m.w.i.f.ResourceFilteringBuildParticipant - Executing resource filtering for project_one
2022-07-26 18:00:40,546 [Worker-194: Building] INFO  o.e.m.w.i.f.ResourceFilteringBuildParticipant - Changed resources require a complete clean of filtered resources of project_one
2022-07-26 18:00:40,546 [Worker-194: Building] INFO  o.e.m.w.i.f.ResourceFilteringBuildParticipant - Executing resource filtering for project_one
2022-07-26 18:04:16,046 [Worker-195: Updating Maven Project] INFO  o.e.m.w.i.f.ResourceFilteringBuildParticipant - Cleaning filtered folder for project_one
2022-07-26 18:04:16,328 [Worker-188: Building] INFO  o.e.m.w.i.f.ResourceFilteringBuildParticipant - Changed resources require a complete clean of filtered resources of project_one
2022-07-26 18:04:16,328 [Worker-188: Building] INFO  o.e.m.w.i.f.ResourceFilteringBuildParticipant - Executing resource filtering for project_one
2022-07-26 18:07:56,770 [Worker-205: Updating Maven Project] INFO  o.e.m.w.i.f.ResourceFilteringBuildParticipant - Cleaning filtered folder for project_one
2022-07-26 18:07:57,141 [Worker-205: Building] INFO  o.e.m.w.i.f.ResourceFilteringBuildParticipant - Changed resources require a complete clean of filtered resources of project_one
2022-07-26 18:07:57,141 [Worker-205: Building] INFO  o.e.m.w.i.f.ResourceFilteringBuildParticipant - Executing resource filtering for project_one
2022-07-26 18:10:40,494 [Worker-213: Building] INFO  o.e.m.w.i.f.ResourceFilteringBuildParticipant - Changed resources require a complete clean of filtered resources of project_one
2022-07-26 18:10:40,495 [Worker-213: Building] INFO  o.e.m.w.i.f.ResourceFilteringBuildParticipant - Executing resource filtering for project_one
2022-07-26 18:14:14,857 [Worker-214: Building] INFO  o.e.m.w.i.f.ResourceFilteringBuildParticipant - Changed resources require a complete clean of filtered resources of project_one
2022-07-26 18:14:14,857 [Worker-214: Building] INFO  o.e.m.w.i.f.ResourceFilteringBuildParticipant - Executing resource filtering for project_one
2022-07-26 18:14:41,120 [Worker-213: reload maven project] ERROR o.e.m2e.editor.pom.MavenPomEditor - failed to load maven project for org.eclipse.ui.part.FileEditorInput(/project_one/pom.xml)
org.eclipse.core.runtime.CoreException: Could not read maven project
	at org.eclipse.m2e.core.internal.project.registry.ProjectRegistryManager.readProjectWithDependencies(ProjectRegistryManager.java:847)
	at org.eclipse.m2e.core.internal.project.registry.ProjectRegistryManager.lambda$22(ProjectRegistryManager.java:1064)
	at com.google.common.cache.LocalCache$LocalManualCache$1.load(LocalCache.java:4878)
	at com.google.common.cache.LocalCache$LoadingValueReference.loadFuture(LocalCache.java:3529)
	at com.google.common.cache.LocalCache$Segment.loadSync(LocalCache.java:2278)
	at com.google.common.cache.LocalCache$Segment.lockedGetOrLoad(LocalCache.java:2155)
	at com.google.common.cache.LocalCache$Segment.get(LocalCache.java:2045)
	at com.google.common.cache.LocalCache.get(LocalCache.java:3953)
	at com.google.common.cache.LocalCache$LocalManualCache.get(LocalCache.java:4873)
	at org.eclipse.m2e.core.internal.project.registry.ProjectRegistryManager.getMavenProject(ProjectRegistryManager.java:1063)
	at org.eclipse.m2e.core.internal.project.registry.MavenProjectFacade.getMavenProject(MavenProjectFacade.java:244)
	at org.eclipse.m2e.core.ui.internal.actions.SelectionUtil.getMavenProject(SelectionUtil.java:261)
	at org.eclipse.m2e.editor.pom.MavenPomEditor.readMavenProject(MavenPomEditor.java:634)
	at org.eclipse.m2e.editor.pom.MavenPomEditor$3.run(MavenPomEditor.java:938)
	at org.eclipse.core.internal.jobs.Worker.run(Worker.java:63)
2022-07-26 18:14:41,653 [Worker-204: Building] INFO  o.e.m.w.i.f.ResourceFilteringBuildParticipant - Changed resources require a complete clean of filtered resources of project_one
2022-07-26 18:14:41,654 [Worker-204: Building] INFO  o.e.m.w.i.f.ResourceFilteringBuildParticipant - Executing resource filtering for project_one
2022-07-26 18:14:50,205 [Worker-214: Building] INFO  o.e.m.w.i.f.ResourceFilteringBuildParticipant - Changed resources require a complete clean of filtered resources of project_one
2022-07-26 18:14:50,205 [Worker-214: Building] INFO  o.e.m.w.i.f.ResourceFilteringBuildParticipant - Executing resource filtering for project_one
2022-07-26 18:15:05,035 [Worker-213: Building] INFO  o.e.m.w.i.f.ResourceFilteringBuildParticipant - Changed resources require a complete clean of filtered resources of project_one
2022-07-26 18:15:05,035 [Worker-213: Building] INFO  o.e.m.w.i.f.ResourceFilteringBuildParticipant - Executing resource filtering for project_one
2022-07-26 18:21:08,241 [Worker-219: Building] INFO  o.e.m.w.i.f.ResourceFilteringBuildParticipant - Changed resources require a complete clean of filtered resources of project_one
2022-07-26 18:21:08,241 [Worker-219: Building] INFO  o.e.m.w.i.f.ResourceFilteringBuildParticipant - Executing resource filtering for project_one
2022-07-26 18:21:11,834 [Worker-221: Updating Maven Project] INFO  o.e.m.w.i.f.ResourceFilteringBuildParticipant - Cleaning filtered folder for project_one
2022-07-26 18:21:12,108 [Worker-219: Building] INFO  o.e.m.w.i.f.ResourceFilteringBuildParticipant - Changed resources require a complete clean of filtered resources of project_one
2022-07-26 18:21:12,108 [Worker-219: Building] INFO  o.e.m.w.i.f.ResourceFilteringBuildParticipant - Executing resource filtering for project_one
2022-07-26 18:23:00,328 [Worker-219: Building] INFO  o.e.m.w.i.f.ResourceFilteringBuildParticipant - Changed resources require a complete clean of filtered resources of project_one
2022-07-26 18:23:00,328 [Worker-219: Building] INFO  o.e.m.w.i.f.ResourceFilteringBuildParticipant - Executing resource filtering for project_one
2022-07-26 18:23:03,399 [Worker-218: Updating Maven Project] INFO  o.e.m.w.i.f.ResourceFilteringBuildParticipant - Cleaning filtered folder for project_one
2022-07-26 18:23:03,856 [Worker-211: Building] INFO  o.e.m.w.i.f.ResourceFilteringBuildParticipant - Changed resources require a complete clean of filtered resources of project_one
2022-07-26 18:23:03,856 [Worker-211: Building] INFO  o.e.m.w.i.f.ResourceFilteringBuildParticipant - Executing resource filtering for project_one
2022-07-26 18:31:42,571 [Worker-225: Building] INFO  o.e.m.w.i.f.ResourceFilteringBuildParticipant - Changed resources require a complete clean of filtered resources of project_one
2022-07-26 18:31:42,571 [Worker-225: Building] INFO  o.e.m.w.i.f.ResourceFilteringBuildParticipant - Executing resource filtering for project_one
2022-07-26 18:31:44,053 [Worker-221: Updating Maven Project] INFO  o.e.m.w.i.f.ResourceFilteringBuildParticipant - Cleaning filtered folder for project_one
2022-07-26 18:31:44,275 [Worker-225: Building] INFO  o.e.m.w.i.f.ResourceFilteringBuildParticipant - Changed resources require a complete clean of filtered resources of project_one
2022-07-26 18:31:44,275 [Worker-225: Building] INFO  o.e.m.w.i.f.ResourceFilteringBuildParticipant - Executing resource filtering for project_one
2022-07-26 18:43:21,046 [Worker-233: Updating Maven Project] INFO  o.e.m.w.i.f.ResourceFilteringBuildParticipant - Cleaning filtered folder for project_one
2022-07-26 18:43:21,377 [Worker-228: Building] INFO  o.e.m.w.i.f.ResourceFilteringBuildParticipant - Changed resources require a complete clean of filtered resources of project_one
2022-07-26 18:43:21,377 [Worker-228: Building] INFO  o.e.m.w.i.f.ResourceFilteringBuildParticipant - Executing resource filtering for project_one
2022-07-26 18:47:29,213 [Worker-237: Updating Maven Project] INFO  o.e.m.w.i.f.ResourceFilteringBuildParticipant - Cleaning filtered folder for project_one
2022-07-26 18:47:29,495 [Worker-237: Building] INFO  o.e.m.w.i.f.ResourceFilteringBuildParticipant - Changed resources require a complete clean of filtered resources of project_one
2022-07-26 18:47:29,496 [Worker-237: Building] INFO  o.e.m.w.i.f.ResourceFilteringBuildParticipant - Executing resource filtering for project_one
2022-07-26 18:53:05,323 [Worker-228: Updating Maven Project] INFO  o.e.m.w.i.f.ResourceFilteringBuildParticipant - Cleaning filtered folder for project_one
2022-07-26 18:53:05,670 [Worker-240: Building] INFO  o.e.m.w.i.f.ResourceFilteringBuildParticipant - Changed resources require a complete clean of filtered resources of project_one
2022-07-26 18:53:05,670 [Worker-240: Building] INFO  o.e.m.w.i.f.ResourceFilteringBuildParticipant - Executing resource filtering for project_one
2022-07-26 18:56:45,907 [Worker-245: Updating Maven Project] INFO  o.e.m.w.i.f.ResourceFilteringBuildParticipant - Cleaning filtered folder for project_one
2022-07-26 18:56:46,182 [Worker-242: Building] INFO  o.e.m.w.i.f.ResourceFilteringBuildParticipant - Changed resources require a complete clean of filtered resources of project_one
2022-07-26 18:56:46,182 [Worker-242: Building] INFO  o.e.m.w.i.f.ResourceFilteringBuildParticipant - Executing resource filtering for project_one
2022-07-26 19:11:23,859 [Worker-244: Updating Maven Project] INFO  o.e.m.w.i.f.ResourceFilteringBuildParticipant - Cleaning filtered folder for project_one
2022-07-26 19:11:24,223 [Worker-251: Building] INFO  o.e.m.w.i.f.ResourceFilteringBuildParticipant - Changed resources require a complete clean of filtered resources of project_one
2022-07-26 19:11:24,223 [Worker-251: Building] INFO  o.e.m.w.i.f.ResourceFilteringBuildParticipant - Executing resource filtering for project_one
2022-07-28 13:14:46,799 [Worker-275: Building] INFO  o.e.m.w.i.f.ResourceFilteringBuildParticipant - Changed resources require a complete clean of filtered resources of project_one
2022-07-28 13:14:46,800 [Worker-275: Building] INFO  o.e.m.w.i.f.ResourceFilteringBuildParticipant - Executing resource filtering for project_one
2022-07-28 13:14:48,071 [Worker-275: Updating Maven Project] INFO  o.e.m.w.i.f.ResourceFilteringBuildParticipant - Cleaning filtered folder for project_one
2022-07-28 13:14:48,981 [Worker-283: Building] INFO  o.e.m.w.i.f.ResourceFilteringBuildParticipant - Changed resources require a complete clean of filtered resources of project_one
2022-07-28 13:14:48,981 [Worker-283: Building] INFO  o.e.m.w.i.f.ResourceFilteringBuildParticipant - Executing resource filtering for project_one
2022-07-28 13:23:49,002 [Worker-287: Building] INFO  o.e.m.w.i.f.ResourceFilteringBuildParticipant - Changed resources require a complete clean of filtered resources of project_one
2022-07-28 13:23:49,002 [Worker-287: Building] INFO  o.e.m.w.i.f.ResourceFilteringBuildParticipant - Executing resource filtering for project_one
2022-07-28 13:23:51,177 [Worker-288: Updating Maven Project] INFO  o.e.m.w.i.f.ResourceFilteringBuildParticipant - Cleaning filtered folder for project_one
2022-07-28 13:23:51,575 [Worker-284: Building] INFO  o.e.m.w.i.f.ResourceFilteringBuildParticipant - Changed resources require a complete clean of filtered resources of project_one
2022-07-28 13:23:51,575 [Worker-284: Building] INFO  o.e.m.w.i.f.ResourceFilteringBuildParticipant - Executing resource filtering for project_one
2022-07-28 13:43:02,487 [Worker-302: Updating Maven Project] INFO  o.e.m.w.i.f.ResourceFilteringBuildParticipant - Cleaning filtered folder for project_one
2022-07-28 13:43:02,764 [Worker-295: Building] INFO  o.e.m.w.i.f.ResourceFilteringBuildParticipant - Changed resources require a complete clean of filtered resources of project_one
2022-07-28 13:43:02,764 [Worker-295: Building] INFO  o.e.m.w.i.f.ResourceFilteringBuildParticipant - Executing resource filtering for project_one
2022-07-28 13:49:28,917 [Worker-310: Updating Maven Project] INFO  o.e.m.w.i.f.ResourceFilteringBuildParticipant - Cleaning filtered folder for project_one
2022-07-28 13:49:29,197 [Worker-310: Building] INFO  o.e.m.w.i.f.ResourceFilteringBuildParticipant - Changed resources require a complete clean of filtered resources of project_one
2022-07-28 13:49:29,197 [Worker-310: Building] INFO  o.e.m.w.i.f.ResourceFilteringBuildParticipant - Executing resource filtering for project_one
2022-07-28 13:49:53,423 [Worker-303: Building] INFO  o.e.m.w.i.f.ResourceFilteringBuildParticipant - Changed resources require a complete clean of filtered resources of project_one
2022-07-28 13:49:53,424 [Worker-303: Building] INFO  o.e.m.w.i.f.ResourceFilteringBuildParticipant - Executing resource filtering for project_one
2022-07-28 13:49:54,311 [Worker-312: Updating Maven Project] INFO  o.e.m.w.i.f.ResourceFilteringBuildParticipant - Cleaning filtered folder for project_one
2022-07-28 13:49:56,632 [Worker-307: Building] INFO  o.e.m.w.i.f.ResourceFilteringBuildParticipant - Changed resources require a complete clean of filtered resources of project_one
2022-07-28 13:49:56,633 [Worker-307: Building] INFO  o.e.m.w.i.f.ResourceFilteringBuildParticipant - Executing resource filtering for project_one
2022-07-28 14:02:16,320 [Worker-324: Updating Maven Project] INFO  o.e.m.w.i.f.ResourceFilteringBuildParticipant - Cleaning filtered folder for project_one
2022-07-28 14:02:16,647 [Worker-322: Building] INFO  o.e.m.w.i.f.ResourceFilteringBuildParticipant - Changed resources require a complete clean of filtered resources of project_one
2022-07-28 14:02:16,647 [Worker-322: Building] INFO  o.e.m.w.i.f.ResourceFilteringBuildParticipant - Executing resource filtering for project_one
2022-07-28 14:22:23,875 [Worker-333: Updating Maven Project] INFO  o.e.m.w.i.f.ResourceFilteringBuildParticipant - Cleaning filtered folder for project_one
2022-07-28 14:22:24,229 [Worker-329: Building] INFO  o.e.m.w.i.f.ResourceFilteringBuildParticipant - Changed resources require a complete clean of filtered resources of project_one
2022-07-28 14:22:24,229 [Worker-329: Building] INFO  o.e.m.w.i.f.ResourceFilteringBuildParticipant - Executing resource filtering for project_one
2022-07-28 16:29:54,106 [Worker-401: Building] INFO  o.e.m.w.i.f.ResourceFilteringBuildParticipant - Changed resources require a complete clean of filtered resources of project_one
2022-07-28 16:29:54,106 [Worker-401: Building] INFO  o.e.m.w.i.f.ResourceFilteringBuildParticipant - Executing resource filtering for project_one
2022-07-28 16:29:57,061 [Worker-389: Building] INFO  o.e.m.w.i.f.ResourceFilteringBuildParticipant - Changed resources require a complete clean of filtered resources of project_one
2022-07-28 16:29:57,061 [Worker-389: Building] INFO  o.e.m.w.i.f.ResourceFilteringBuildParticipant - Executing resource filtering for project_one
2022-07-28 16:29:59,131 [Worker-399: Updating Maven Project] INFO  o.e.m.w.i.f.ResourceFilteringBuildParticipant - Cleaning filtered folder for project_one
2022-07-28 16:29:59,542 [Worker-403: Building] INFO  o.e.m.w.i.f.ResourceFilteringBuildParticipant - Changed resources require a complete clean of filtered resources of project_one
2022-07-28 16:29:59,542 [Worker-403: Building] INFO  o.e.m.w.i.f.ResourceFilteringBuildParticipant - Executing resource filtering for project_one
2022-07-28 16:33:12,182 [Worker-398: Building] INFO  o.e.m.w.i.f.ResourceFilteringBuildParticipant - Changed resources require a complete clean of filtered resources of project_one
2022-07-28 16:33:12,182 [Worker-398: Building] INFO  o.e.m.w.i.f.ResourceFilteringBuildParticipant - Executing resource filtering for project_one
2022-07-28 16:45:25,487 [Worker-409: Building] INFO  o.e.m.w.i.f.ResourceFilteringBuildParticipant - Changed resources require a complete clean of filtered resources of project_one
2022-07-28 16:45:25,487 [Worker-409: Building] INFO  o.e.m.w.i.f.ResourceFilteringBuildParticipant - Executing resource filtering for project_one
2022-07-28 16:45:28,046 [Worker-408: Updating Maven Project] INFO  o.e.m.w.i.f.ResourceFilteringBuildParticipant - Cleaning filtered folder for project_one
2022-07-28 16:45:28,442 [Worker-410: Building] INFO  o.e.m.w.i.f.ResourceFilteringBuildParticipant - Changed resources require a complete clean of filtered resources of project_one
2022-07-28 16:45:28,442 [Worker-410: Building] INFO  o.e.m.w.i.f.ResourceFilteringBuildParticipant - Executing resource filtering for project_one
2022-07-31 14:03:00,846 [Worker-8: Building] INFO  o.e.m.w.i.f.ResourceFilteringBuildParticipant - Changed resources require a complete clean of filtered resources of project_two
2022-07-31 14:03:00,944 [Worker-8: Building] INFO  o.e.m.w.i.f.ResourceFilteringBuildParticipant - Executing resource filtering for project_two
2022-07-31 14:03:19,554 [Worker-26: Updating Maven Project] INFO  o.e.m.w.i.f.ResourceFilteringBuildParticipant - Cleaning filtered folder for project_two
2022-07-31 14:03:19,830 [Worker-23: Building] INFO  o.e.m.w.i.f.ResourceFilteringBuildParticipant - Changed resources require a complete clean of filtered resources of project_two
2022-07-31 14:03:19,830 [Worker-23: Building] INFO  o.e.m.w.i.f.ResourceFilteringBuildParticipant - Executing resource filtering for project_two
2022-07-31 14:06:05,102 [Worker-28: Building] INFO  o.e.m.w.i.f.ResourceFilteringBuildParticipant - Changed resources require a complete clean of filtered resources of project_two
2022-07-31 14:06:05,102 [Worker-28: Building] INFO  o.e.m.w.i.f.ResourceFilteringBuildParticipant - Executing resource filtering for project_two
2022-07-31 14:06:19,980 [Worker-30: Cleaning all projects] INFO  o.e.m.w.i.f.ResourceFilteringBuildParticipant - Cleaning filtered folder for project_one
2022-07-31 14:06:19,992 [Worker-30: Cleaning all projects] INFO  o.e.m.w.i.f.ResourceFilteringBuildParticipant - Cleaning filtered folder for project_two
2022-07-31 14:06:20,280 [Worker-13: Building] INFO  o.e.m.w.i.f.ResourceFilteringBuildParticipant - Changed resources require a complete clean of filtered resources of project_one
2022-07-31 14:06:20,280 [Worker-13: Building] INFO  o.e.m.w.i.f.ResourceFilteringBuildParticipant - Executing resource filtering for project_one
2022-07-31 14:06:20,315 [Worker-13: Building] INFO  o.e.m.w.i.f.ResourceFilteringBuildParticipant - Changed resources require a complete clean of filtered resources of project_two
2022-07-31 14:06:20,315 [Worker-13: Building] INFO  o.e.m.w.i.f.ResourceFilteringBuildParticipant - Executing resource filtering for project_two
2022-07-31 14:06:35,115 [Worker-13: Launching Executing clean in D__my_project_project_project_two] INFO  o.e.m.i.launch.MavenLaunchDelegate - D:\my_project\project\project_two
2022-07-31 14:06:35,115 [Worker-13: Launching Executing clean in D__my_project_project_project_two] INFO  o.e.m.i.launch.MavenLaunchDelegate -  mvn -B clean
2022-07-31 14:10:58,110 [Worker-30: Building] INFO  o.e.m.w.i.f.ResourceFilteringBuildParticipant - Changed resources require a complete clean of filtered resources of project_two
2022-07-31 14:10:58,110 [Worker-30: Building] INFO  o.e.m.w.i.f.ResourceFilteringBuildParticipant - Executing resource filtering for project_two
2022-07-31 14:10:58,981 [Worker-30: Updating Maven Project] INFO  o.e.m.w.i.f.ResourceFilteringBuildParticipant - Cleaning filtered folder for project_two
2022-07-31 14:10:59,379 [Worker-33: Building] INFO  o.e.m.w.i.f.ResourceFilteringBuildParticipant - Changed resources require a complete clean of filtered resources of project_two
2022-07-31 14:10:59,379 [Worker-33: Building] INFO  o.e.m.w.i.f.ResourceFilteringBuildParticipant - Executing resource filtering for project_two
2022-07-31 14:11:04,120 [Worker-30: Updating Maven Project] INFO  o.e.m.w.i.f.ResourceFilteringBuildParticipant - Cleaning filtered folder for project_two
2022-07-31 14:11:04,281 [Worker-33: Building] INFO  o.e.m.w.i.f.ResourceFilteringBuildParticipant - Changed resources require a complete clean of filtered resources of project_two
2022-07-31 14:11:04,281 [Worker-33: Building] INFO  o.e.m.w.i.f.ResourceFilteringBuildParticipant - Executing resource filtering for project_two
2022-07-31 14:12:06,960 [Worker-21: Updating Maven Project] INFO  o.e.m.w.i.f.ResourceFilteringBuildParticipant - Cleaning filtered folder for project_two
2022-07-31 14:12:07,231 [Worker-30: Building] INFO  o.e.m.w.i.f.ResourceFilteringBuildParticipant - Changed resources require a complete clean of filtered resources of project_two
2022-07-31 14:12:07,231 [Worker-30: Building] INFO  o.e.m.w.i.f.ResourceFilteringBuildParticipant - Executing resource filtering for project_two
2022-07-31 14:31:08,839 [Worker-47: Building] INFO  o.e.m.w.i.f.ResourceFilteringBuildParticipant - Changed resources require a complete clean of filtered resources of project_two
2022-07-31 14:31:08,839 [Worker-47: Building] INFO  o.e.m.w.i.f.ResourceFilteringBuildParticipant - Executing resource filtering for project_two
2022-07-31 14:37:17,542 [Worker-49: Building] INFO  o.e.m.w.i.f.ResourceFilteringBuildParticipant - Changed resources require a complete clean of filtered resources of project_two
2022-07-31 14:37:17,543 [Worker-49: Building] INFO  o.e.m.w.i.f.ResourceFilteringBuildParticipant - Executing resource filtering for project_two
2022-07-31 14:37:18,192 [Worker-49: Updating Maven Project] INFO  o.e.m.w.i.f.ResourceFilteringBuildParticipant - Cleaning filtered folder for project_two
2022-07-31 14:37:18,693 [Worker-54: Building] INFO  o.e.m.w.i.f.ResourceFilteringBuildParticipant - Changed resources require a complete clean of filtered resources of project_two
2022-07-31 14:37:18,693 [Worker-54: Building] INFO  o.e.m.w.i.f.ResourceFilteringBuildParticipant - Executing resource filtering for project_two
2022-08-05 21:10:03,053 [Worker-623: Updating Maven Project] INFO  o.e.m.w.i.f.ResourceFilteringBuildParticipant - Cleaning filtered folder for project_two
2022-08-05 21:10:03,446 [Worker-623: Building] INFO  o.e.m.w.i.f.ResourceFilteringBuildParticipant - Changed resources require a complete clean of filtered resources of project_two
2022-08-05 21:10:03,446 [Worker-623: Building] INFO  o.e.m.w.i.f.ResourceFilteringBuildParticipant - Executing resource filtering for project_two
2022-08-05 21:20:31,664 [Worker-635: Updating Maven Project] INFO  o.e.m.w.i.f.ResourceFilteringBuildParticipant - Cleaning filtered folder for project_two
2022-08-05 21:20:31,936 [Worker-635: Building] INFO  o.e.m.w.i.f.ResourceFilteringBuildParticipant - Changed resources require a complete clean of filtered resources of project_two
2022-08-05 21:20:31,936 [Worker-635: Building] INFO  o.e.m.w.i.f.ResourceFilteringBuildParticipant - Executing resource filtering for project_two
2022-08-05 21:20:55,566 [Worker-624: Updating Maven Project] INFO  o.e.m.w.i.f.ResourceFilteringBuildParticipant - Cleaning filtered folder for project_one
2022-08-05 21:20:55,582 [Worker-624: Updating Maven Project] INFO  o.e.m.w.i.f.ResourceFilteringBuildParticipant - Cleaning filtered folder for project_two
2022-08-05 21:20:56,148 [Worker-632: Building] INFO  o.e.m.w.i.f.ResourceFilteringBuildParticipant - Changed resources require a complete clean of filtered resources of project_one
2022-08-05 21:20:56,148 [Worker-632: Building] INFO  o.e.m.w.i.f.ResourceFilteringBuildParticipant - Executing resource filtering for project_one
2022-08-05 21:20:56,338 [Worker-632: Building] INFO  o.e.m.w.i.f.ResourceFilteringBuildParticipant - Changed resources require a complete clean of filtered resources of project_two
2022-08-05 21:20:56,339 [Worker-632: Building] INFO  o.e.m.w.i.f.ResourceFilteringBuildParticipant - Executing resource filtering for project_two
2022-08-08 20:58:24,694 [Worker-789: Updating Maven Project] INFO  o.e.m.w.i.f.ResourceFilteringBuildParticipant - Cleaning filtered folder for project_two
2022-08-08 20:58:25,278 [Worker-803: Building] INFO  o.e.m.w.i.f.ResourceFilteringBuildParticipant - Changed resources require a complete clean of filtered resources of project_two
2022-08-08 20:58:25,278 [Worker-803: Building] INFO  o.e.m.w.i.f.ResourceFilteringBuildParticipant - Executing resource filtering for project_two
2022-08-09 14:51:56,626 [Worker-62: Updating Maven Project] INFO  o.e.m.w.i.f.ResourceFilteringBuildParticipant - Cleaning filtered folder for project_two
2022-08-09 14:51:56,994 [Worker-62: Building] INFO  o.e.m.w.i.f.ResourceFilteringBuildParticipant - Changed resources require a complete clean of filtered resources of project_two
2022-08-09 14:51:56,995 [Worker-62: Building] INFO  o.e.m.w.i.f.ResourceFilteringBuildParticipant - Executing resource filtering for project_two
2022-08-10 16:40:21,680 [Worker-400: Updating Maven Project] INFO  o.e.m.w.i.f.ResourceFilteringBuildParticipant - Cleaning filtered folder for project_one
2022-08-10 16:40:21,701 [Worker-400: Updating Maven Project] INFO  o.e.m.w.i.f.ResourceFilteringBuildParticipant - Cleaning filtered folder for project_two
2022-08-10 16:40:22,152 [Worker-404: Building] INFO  o.e.m.w.i.f.ResourceFilteringBuildParticipant - Changed resources require a complete clean of filtered resources of project_one
2022-08-10 16:40:22,152 [Worker-404: Building] INFO  o.e.m.w.i.f.ResourceFilteringBuildParticipant - Executing resource filtering for project_one
2022-08-10 16:40:22,463 [Worker-404: Building] INFO  o.e.m.w.i.f.ResourceFilteringBuildParticipant - Changed resources require a complete clean of filtered resources of project_two
2022-08-10 16:40:22,463 [Worker-404: Building] INFO  o.e.m.w.i.f.ResourceFilteringBuildParticipant - Executing resource filtering for project_two
2022-08-11 18:07:01,943 [Worker-645: Building] INFO  o.e.m.w.i.f.ResourceFilteringBuildParticipant - Changed resources require a complete clean of filtered resources of project_two
2022-08-11 18:07:01,945 [Worker-645: Building] INFO  o.e.m.w.i.f.ResourceFilteringBuildParticipant - Executing resource filtering for project_two
2022-08-11 18:07:02,921 [Worker-640: Updating Maven Project] INFO  o.e.m.w.i.f.ResourceFilteringBuildParticipant - Cleaning filtered folder for project_two
2022-08-11 18:07:03,607 [Worker-648: Building] INFO  o.e.m.w.i.f.ResourceFilteringBuildParticipant - Changed resources require a complete clean of filtered resources of project_two
2022-08-11 18:07:03,607 [Worker-648: Building] INFO  o.e.m.w.i.f.ResourceFilteringBuildParticipant - Executing resource filtering for project_two
2022-08-12 16:57:49,629 [Worker-774: Building] INFO  o.e.m.w.i.f.ResourceFilteringBuildParticipant - Changed resources require a complete clean of filtered resources of project_two
2022-08-12 16:57:49,629 [Worker-774: Building] INFO  o.e.m.w.i.f.ResourceFilteringBuildParticipant - Executing resource filtering for project_two
2022-08-12 16:57:51,523 [Worker-773: Updating Maven Project] INFO  o.e.m.w.i.f.ResourceFilteringBuildParticipant - Cleaning filtered folder for project_two
2022-08-12 16:57:51,953 [Worker-774: Building] INFO  o.e.m.w.i.f.ResourceFilteringBuildParticipant - Changed resources require a complete clean of filtered resources of project_two
2022-08-12 16:57:51,953 [Worker-774: Building] INFO  o.e.m.w.i.f.ResourceFilteringBuildParticipant - Executing resource filtering for project_two
2022-08-15 14:58:40,615 [Worker-851: Building] INFO  o.e.m.w.i.f.ResourceFilteringBuildParticipant - Changed resources require a complete clean of filtered resources of project_two
2022-08-15 14:58:40,617 [Worker-851: Building] INFO  o.e.m.w.i.f.ResourceFilteringBuildParticipant - Executing resource filtering for project_two
2022-08-25 15:42:43,573 [Worker-642: Building] INFO  o.e.m.w.i.f.ResourceFilteringBuildParticipant - Changed resources require a complete clean of filtered resources of project_two
2022-08-25 15:42:43,653 [Worker-642: Building] INFO  o.e.m.w.i.f.ResourceFilteringBuildParticipant - Executing resource filtering for project_two
2022-08-25 15:43:40,318 [Worker-645: Building] INFO  o.e.m.w.i.f.ResourceFilteringBuildParticipant - Changed resources require a complete clean of filtered resources of project_two
2022-08-25 15:43:40,319 [Worker-645: Building] INFO  o.e.m.w.i.f.ResourceFilteringBuildParticipant - Executing resource filtering for project_two
2022-08-29 20:29:58,246 [Worker-752: Building] INFO  o.e.m.w.i.f.ResourceFilteringBuildParticipant - Changed resources require a complete clean of filtered resources of project_two
2022-08-29 20:29:58,246 [Worker-752: Building] INFO  o.e.m.w.i.f.ResourceFilteringBuildParticipant - Executing resource filtering for project_two
